* faa52bc : style: Hide first slide on blog  - Hide the first slide into blog page, and leave nothing but slides related to articles
* 10da86d : style: Adding client and plots  - Adding client (Reckitt) to list on Home page  - Changing plots on banner at Blog's page
* f65fb93 : Adding reckitt client to array
* 8ee2a52 : Adding additional clients to array
* 262bca7 : Changing green color on title within the article
* 05b4392 : Removing article image, leaving just the plot.
*   96431d8 : merging branches
|\  
| *   b217cb3 : Merge pull request #3 from Ivancho175/developer
| |\  
| * \   3887efc : Merge pull request #2 from Ivancho175/developer
| |\ \  
* | | | f162aee : Fixing display of arrows in 'Tecnologia' component. Translating dates in blog
* | | | 738035e : Increasing width of the banner within the article, to the design's size
* | | | b2dc043 : Zipping images of 'Consumidores' component
* | | | d7f8e7a : Fixing display of the grid at 'Consumidores' component. Besides, Adding plots within the article.
* | | | bccb89a : fixing overflow-x in items on mainNavbar at Soluciones component
* | | | 60ff0a5 : adding loading gif to article's component
* | | | 93c4708 : Fixing upper-margin of the title in 'Tecnologia' component. Besides, remove filter of the grid in 'Consumidores' component.
* | | | 6a3ddd5 : Adding g/analytics tag in index.html
* | | | dfeed94 : working on carousel mode in 'Soluciones' navbar. Besides, fixing title's position in 'Article' component.
* | | | 2d0a2bd : Fixing styles of swiper-pagination, on 'Consumidores' page
* | | | 210430c : Fixing padding on 'Clients' part on 'Empresas' component
* | | | 3f1c03a : Jumping around CORS policy. Fixed categorization and filter number one, the list picker
* | | | 56a796f : Adding styles  to grid of 'Recomendados' zone at article's page
* | | | 07c8910 : Adding styles and functionality to grid on 'Consumidores' blog
* | | | 87c2374 : Co-op mode activated
* | | | cc8c65e : Adding videos on 'Tecnologia' component
* | | | 530a8a3 : Adding videos on 'Tecnologia' component
* | | | 63d9685 : Fixed carousel on 'Tecnologia' component
* | | | dd3e719 : Adding enter animations on 'Tecnologia' component
* | | | c237539 : Setting 'Home' animations
* | | | 1448bf5 : Add similar articles
* | | | fb52bf4 : Sending to fix the fetch of data in 'Consumidores/article.component'
* | | | 34407a0 : Fixing images routes on the service 'Tecnología' again
* | | | c6fca70 : Fixing images routes on the service 'Tecnología'
* | | | 626fde7 : Fixing videos on soluciones
* | | | 7be53ca : test commit. Testing videos on 'Soluciones' when yo see it from iPhone
* | | | 5b61ed7 : add service to article
* | | | 8b14cce : add observables to articles and categories
* | | | 912c7e5 : commit to improve machine
* | | | dd032f6 : Styling 'Consumidores/R' and fixing menu on 'Soluciones' when reach the footer
* | | | 671a052 : Finishing styles on 'Clientes' carousel
* | | | bc96520 : Troubleshooting
* | | | a64c6e2 : destroy setinterval
* | | | 218d398 : add Swiper to empresas
* | | | 2834b00 : fixing animations bugs
* | | | d16d2c7 : adding left arrow functionality on tecnologia component
* | | |   1c290ab : fixing scss on 'Soluciones' component
|\ \ \ \  
| * | | | 5d4389a : Finishing tecnología template. Still missing full functionality on left/right buttons
| * | | | ff35c57 : Finishing tecnología template. Still missing full functionality on left/right buttons
* | | | | 6c1e5a3 : fixing scss on 'Soluciones' component
* | | | |   e902522 : Fixing timer and styles in 'Soluciones' page, especifically in 'questions' slider
|\ \ \ \ \  
| |/ / / /  
|/| | | |   
| * | | | 990e59d : Fixing timer and styles in 'Soluciones' page, especifically in 'questions' slider
| * | | | 9eb80f5 : making carousels work
* | | | |   bb6bc3d : firebase deploy
|\ \ \ \ \  
| * | | | | 6144d21 : Adding carousel functionality to home/main-navbar
* | | | | | d205ef9 : firebase deploy
* | | | | | 96b77b4 : Hidding errors on prod version
| |/ / / /  
|/| | | |   
* | | | | 00d8d29 : Developing 'Tecnología' first snapshot whit querys
* | | | | dcdaa0a : making changes on question's/slider in soluciones component
|/ / / /  
* | | | d3ef458 : Deleting SAP partner
* | | | 266aee7 : replacing machineLearnig image
* | | | 6dd13ac : fixing order of the Label's array of the navbar of 'Soluciones' page
* | | | 3693f7e : Styling the 'Questions to solve' animation and querys about it
* | | | 1d001c3 : Fixed path assets
* | | | 32d5d8d : working on 'Soluciones' final styles
* | | | 7162420 : adding scraper function in 'Soluciones/scraper' page
* | | | efffd8d : Fixing hovers on menu and 'Home' page. Making the Menu's background a little bit opaque. Adding better images to partners`brands and becoming it into links. Fixing routing inside 'Soluciones' page, so now it doesn´t enter on machineLearning section.
* | | | e8fb679 : add conditions to router outlet
* | | | 1bef6a0 : Starting up with the new Menu's design. Increasing the animation in most of the images in the site. Setting up the new 'Home' page. Adding most of the hovers at the main navbars.
* | | | bfeca70 : Deleting trash files
* | | | 3093b0e : Adding 'Soluciones' page, with animations and querys
* | | | 7c6b888 : Adding IntersectionObserver to 'Empresas' page and making some tentative animations. Centering the image of 'Contactenos' page at the mobile view. Adding 'Soluciones' mobile view.
* | | | a97f336 : Adding ReactiveForm to 'Contactenos' page. Validating form.
* | | | a791137 : Reactive Form
* | | | 38b39c1 : Adding full functionallity to Hamburger and submit buttons. Fixing Hash routing.
* | | | eac6e84 : working on buttons functionallity
| |_|/  
|/| |   
* | | 5bbc1bf : Finishing 'Success on submit' box in 'Contactenos' page
| |/  
|/|   
* | e32a486 : Finishing 'Contactenos' page.
* | ae00662 : Fixed routingmodule
* | 3b9fe13 : Reintegrating '@core' folder.
* | 7b85713 : testing commit
|/  
*   c06e79b : Merge branch 'main' of https://github.com/Ivancho175/lucro-inside into main
|\  
| *   a13d2ae : Merge pull request #1 from Ivancho175/developer
| |\  
* | | 25a0db2 : Unifying components of 'Empresas Section'
| |/  
|/|   
* | d83bac1 : Setting up the project's routes.
* | 68170df : first commit on branch 'developer'. creating 'Empresas' and 'Contactenos' components.
|/  
* dc690e6 : Fixing curved borders at second section. Setting hovers at the footer of the site
*   6ce034e : Merging Arnold's commit
|\  
| * 11a91c4 : reestructure project
* | 4a7515d : Adding styles
|/  
* 49048bb : Modifying README.md, and deploying in firebase
* bf07e6a : Adding blur-background to first section and fixing the curved background in second section
* 5623ad1 : Adding mediaQuerys to the site
* 392c9fb : First commit of Lucro-inside's project. Adding initial assets and settings. First view (fullHD Desktop) was implemented.
* 2e85398 : initial commit